  Enemigo.cpp
  Nota: inclusión del archivo: C:\Users\casti\Desktop\Universidad Politecnica de Madrid\Tercero\Informatica Industrial\Trabajo_Informatica-main\Tanques\src\Enemigo.h
  Nota: inclusión del archivo:  C:\Users\casti\Desktop\Universidad Politecnica de Madrid\Tercero\Informatica Industrial\Trabajo_Informatica-main\Tanques\src\vector3D.h
  Nota: inclusión del archivo:  C:\Users\casti\Desktop\Universidad Politecnica de Madrid\Tercero\Informatica Industrial\Trabajo_Informatica-main\Tanques\src\stats.h
  Nota: inclusión del archivo: C:\Program Files (x86)\Windows Kits\10\Include\10.0.18362.0\ucrt\stdio.h
  Nota: inclusión del archivo:  C:\Program Files (x86)\Windows Kits\10\Include\10.0.18362.0\ucrt\corecrt.h
  Nota: inclusión del archivo:   C:\Program Files (x86)\Microsoft Visual Studio\2019\Community\VC\Tools\MSVC\14.28.29333\include\vcruntime.h
  Nota: inclusión del archivo:    C:\Program Files (x86)\Microsoft Visual Studio\2019\Community\VC\Tools\MSVC\14.28.29333\include\sal.h
  Nota: inclusión del archivo:     C:\Program Files (x86)\Microsoft Visual Studio\2019\Community\VC\Tools\MSVC\14.28.29333\include\concurrencysal.h
  Nota: inclusión del archivo:    C:\Program Files (x86)\Microsoft Visual Studio\2019\Community\VC\Tools\MSVC\14.28.29333\include\vadefs.h
  Nota: inclusión del archivo:  C:\Program Files (x86)\Windows Kits\10\Include\10.0.18362.0\ucrt\corecrt_wstdio.h
  Nota: inclusión del archivo:   C:\Program Files (x86)\Windows Kits\10\Include\10.0.18362.0\ucrt\corecrt_stdio_config.h
  Nota: inclusión del archivo: C:\Program Files (x86)\Microsoft Visual Studio\2019\Community\VC\Tools\MSVC\14.28.29333\include\Cstring
  Nota: inclusión del archivo:  C:\Program Files (x86)\Microsoft Visual Studio\2019\Community\VC\Tools\MSVC\14.28.29333\include\yvals.h
  Nota: inclusión del archivo:   C:\Program Files (x86)\Microsoft Visual Studio\2019\Community\VC\Tools\MSVC\14.28.29333\include\yvals_core.h
  Nota: inclusión del archivo:    C:\Program Files (x86)\Microsoft Visual Studio\2019\Community\VC\Tools\MSVC\14.28.29333\include\xkeycheck.h
  Nota: inclusión del archivo:   C:\Program Files (x86)\Windows Kits\10\Include\10.0.18362.0\ucrt\crtdbg.h
  Nota: inclusión del archivo:    C:\Program Files (x86)\Microsoft Visual Studio\2019\Community\VC\Tools\MSVC\14.28.29333\include\vcruntime_new_debug.h
  Nota: inclusión del archivo:     C:\Program Files (x86)\Microsoft Visual Studio\2019\Community\VC\Tools\MSVC\14.28.29333\include\vcruntime_new.h
  Nota: inclusión del archivo:   C:\Program Files (x86)\Microsoft Visual Studio\2019\Community\VC\Tools\MSVC\14.28.29333\include\crtdefs.h
  Nota: inclusión del archivo:   C:\Program Files (x86)\Microsoft Visual Studio\2019\Community\VC\Tools\MSVC\14.28.29333\include\use_ansi.h
  Nota: inclusión del archivo:  C:\Program Files (x86)\Windows Kits\10\Include\10.0.18362.0\ucrt\string.h
  Nota: inclusión del archivo:   C:\Program Files (x86)\Windows Kits\10\Include\10.0.18362.0\ucrt\corecrt_memory.h
  Nota: inclusión del archivo:    C:\Program Files (x86)\Windows Kits\10\Include\10.0.18362.0\ucrt\corecrt_memcpy_s.h
  Nota: inclusión del archivo:     C:\Program Files (x86)\Windows Kits\10\Include\10.0.18362.0\ucrt\errno.h
  Nota: inclusión del archivo:     C:\Program Files (x86)\Microsoft Visual Studio\2019\Community\VC\Tools\MSVC\14.28.29333\include\vcruntime_string.h
  Nota: inclusión del archivo:   C:\Program Files (x86)\Windows Kits\10\Include\10.0.18362.0\ucrt\corecrt_wstring.h
  Nota: inclusión del archivo: C:\Program Files (x86)\Microsoft Visual Studio\2019\Community\VC\Tools\MSVC\14.28.29333\include\cmath
  Nota: inclusión del archivo:  C:\Program Files (x86)\Microsoft Visual Studio\2019\Community\VC\Tools\MSVC\14.28.29333\include\cstdlib
  Nota: inclusión del archivo:   C:\Program Files (x86)\Windows Kits\10\Include\10.0.18362.0\ucrt\math.h
  Nota: inclusión del archivo:    C:\Program Files (x86)\Windows Kits\10\Include\10.0.18362.0\ucrt\corecrt_math.h
  Nota: inclusión del archivo:   C:\Program Files (x86)\Windows Kits\10\Include\10.0.18362.0\ucrt\stdlib.h
  Nota: inclusión del archivo:    C:\Program Files (x86)\Windows Kits\10\Include\10.0.18362.0\ucrt\corecrt_malloc.h
  Nota: inclusión del archivo:    C:\Program Files (x86)\Windows Kits\10\Include\10.0.18362.0\ucrt\corecrt_search.h
  Nota: inclusión del archivo:     C:\Program Files (x86)\Windows Kits\10\Include\10.0.18362.0\ucrt\stddef.h
  Nota: inclusión del archivo:    C:\Program Files (x86)\Windows Kits\10\Include\10.0.18362.0\ucrt\corecrt_wstdlib.h
  Nota: inclusión del archivo:    C:\Program Files (x86)\Microsoft Visual Studio\2019\Community\VC\Tools\MSVC\14.28.29333\include\limits.h
  Nota: inclusión del archivo:  C:\Program Files (x86)\Microsoft Visual Studio\2019\Community\VC\Tools\MSVC\14.28.29333\include\xtr1common
  Nota: inclusión del archivo: C:\Users\casti\Desktop\Universidad Politecnica de Madrid\Tercero\Informatica Industrial\Trabajo_Informatica-main\Tanques\src\draw.h
  Nota: inclusión del archivo: C:\Users\casti\Desktop\Universidad Politecnica de Madrid\Tercero\Informatica Industrial\Trabajo_Informatica-main\Tanques\lib\freeglut.h
  Nota: inclusión del archivo:  C:\Program Files (x86)\Windows Kits\10\Include\10.0.18362.0\um\windows.h
  Nota: inclusión del archivo:   C:\Program Files (x86)\Windows Kits\10\Include\10.0.18362.0\shared\winapifamily.h
  Nota: inclusión del archivo:    C:\Program Files (x86)\Windows Kits\10\Include\10.0.18362.0\shared\winpackagefamily.h
  Nota: inclusión del archivo:   C:\Program Files (x86)\Windows Kits\10\Include\10.0.18362.0\shared\sdkddkver.h
  Nota: inclusión del archivo:   C:\Program Files (x86)\Microsoft Visual Studio\2019\Community\VC\Tools\MSVC\14.28.29333\include\excpt.h
  Nota: inclusión del archivo:   C:\Program Files (x86)\Microsoft Visual Studio\2019\Community\VC\Tools\MSVC\14.28.29333\include\stdarg.h
  Nota: inclusión del archivo:   C:\Program Files (x86)\Windows Kits\10\Include\10.0.18362.0\shared\windef.h
  Nota: inclusión del archivo:    C:\Program Files (x86)\Windows Kits\10\Include\10.0.18362.0\shared\minwindef.h
  Nota: inclusión del archivo:     C:\Program Files (x86)\Windows Kits\10\Include\10.0.18362.0\shared\specstrings.h
  Nota: inclusión del archivo:      C:\Program Files (x86)\Windows Kits\10\Include\10.0.18362.0\shared\specstrings_strict.h
  Nota: inclusión del archivo:       C:\Program Files (x86)\Windows Kits\10\Include\10.0.18362.0\shared\specstrings_undef.h
  Nota: inclusión del archivo:      C:\Program Files (x86)\Windows Kits\10\Include\10.0.18362.0\shared\driverspecs.h
  Nota: inclusión del archivo:       C:\Program Files (x86)\Windows Kits\10\Include\10.0.18362.0\shared\sdv_driverspecs.h
  Nota: inclusión del archivo:     C:\Program Files (x86)\Windows Kits\10\Include\10.0.18362.0\um\winnt.h
  Nota: inclusión del archivo:      C:\Program Files (x86)\Windows Kits\10\Include\10.0.18362.0\ucrt\ctype.h
  Nota: inclusión del archivo:       C:\Program Files (x86)\Windows Kits\10\Include\10.0.18362.0\ucrt\corecrt_wctype.h
  Nota: inclusión del archivo:      C:\Program Files (x86)\Windows Kits\10\Include\10.0.18362.0\shared\kernelspecs.h
  Nota: inclusión del archivo:      C:\Program Files (x86)\Windows Kits\10\Include\10.0.18362.0\shared\basetsd.h
  Nota: inclusión del archivo:      C:\Program Files (x86)\Windows Kits\10\Include\10.0.18362.0\shared\guiddef.h
  Nota: inclusión del archivo:      C:\Program Files (x86)\Windows Kits\10\Include\10.0.18362.0\shared\pshpack4.h
  Nota: inclusión del archivo:      C:\Program Files (x86)\Windows Kits\10\Include\10.0.18362.0\shared\poppack.h
  Nota: inclusión del archivo:      C:\Program Files (x86)\Windows Kits\10\Include\10.0.18362.0\shared\pshpack4.h
  Nota: inclusión del archivo:      C:\Program Files (x86)\Windows Kits\10\Include\10.0.18362.0\shared\poppack.h
  Nota: inclusión del archivo:      C:\Program Files (x86)\Windows Kits\10\Include\10.0.18362.0\shared\pshpack4.h
  Nota: inclusión del archivo:      C:\Program Files (x86)\Windows Kits\10\Include\10.0.18362.0\shared\pshpack2.h
  Nota: inclusión del archivo:      C:\Program Files (x86)\Windows Kits\10\Include\10.0.18362.0\shared\poppack.h
  Nota: inclusión del archivo:      C:\Program Files (x86)\Windows Kits\10\Include\10.0.18362.0\shared\pshpack2.h
  Nota: inclusión del archivo:      C:\Program Files (x86)\Windows Kits\10\Include\10.0.18362.0\shared\pshpack2.h
  Nota: inclusión del archivo:      C:\Program Files (x86)\Windows Kits\10\Include\10.0.18362.0\shared\poppack.h
  Nota: inclusión del archivo:      C:\Program Files (x86)\Windows Kits\10\Include\10.0.18362.0\shared\poppack.h
  Nota: inclusión del archivo:      C:\Program Files (x86)\Windows Kits\10\Include\10.0.18362.0\shared\pshpack8.h
  Nota: inclusión del archivo:      C:\Program Files (x86)\Windows Kits\10\Include\10.0.18362.0\shared\poppack.h
  Nota: inclusión del archivo:      C:\Program Files (x86)\Windows Kits\10\Include\10.0.18362.0\shared\pshpack1.h
  Nota: inclusión del archivo:      C:\Program Files (x86)\Windows Kits\10\Include\10.0.18362.0\shared\poppack.h
  Nota: inclusión del archivo:      C:\Program Files (x86)\Windows Kits\10\Include\10.0.18362.0\shared\pshpack1.h
  Nota: inclusión del archivo:      C:\Program Files (x86)\Windows Kits\10\Include\10.0.18362.0\shared\poppack.h
  Nota: inclusión del archivo:      C:\Program Files (x86)\Windows Kits\10\Include\10.0.18362.0\shared\poppack.h
  Nota: inclusión del archivo:      C:\Program Files (x86)\Windows Kits\10\Include\10.0.18362.0\shared\apiset.h
  Nota: inclusión del archivo:      C:\Program Files (x86)\Windows Kits\10\Include\10.0.18362.0\shared\ktmtypes.h
  Nota: inclusión del archivo:   C:\Program Files (x86)\Windows Kits\10\Include\10.0.18362.0\um\winbase.h
  Nota: inclusión del archivo:    C:\Program Files (x86)\Windows Kits\10\Include\10.0.18362.0\shared\apisetcconv.h
  Nota: inclusión del archivo:    C:\Program Files (x86)\Windows Kits\10\Include\10.0.18362.0\um\minwinbase.h
  Nota: inclusión del archivo:    C:\Program Files (x86)\Windows Kits\10\Include\10.0.18362.0\um\apiquery2.h
  Nota: inclusión del archivo:    C:\Program Files (x86)\Windows Kits\10\Include\10.0.18362.0\um\processenv.h
  Nota: inclusión del archivo:    C:\Program Files (x86)\Windows Kits\10\Include\10.0.18362.0\um\fileapifromapp.h
  Nota: inclusión del archivo:     C:\Program Files (x86)\Windows Kits\10\Include\10.0.18362.0\um\fileapi.h
  Nota: inclusión del archivo:    C:\Program Files (x86)\Windows Kits\10\Include\10.0.18362.0\um\debugapi.h
  Nota: inclusión del archivo:    C:\Program Files (x86)\Windows Kits\10\Include\10.0.18362.0\um\utilapiset.h
  Nota: inclusión del archivo:    C:\Program Files (x86)\Windows Kits\10\Include\10.0.18362.0\um\handleapi.h
  Nota: inclusión del archivo:    C:\Program Files (x86)\Windows Kits\10\Include\10.0.18362.0\um\errhandlingapi.h
  Nota: inclusión del archivo:    C:\Program Files (x86)\Windows Kits\10\Include\10.0.18362.0\um\fibersapi.h
  Nota: inclusión del archivo:    C:\Program Files (x86)\Windows Kits\10\Include\10.0.18362.0\um\namedpipeapi.h
  Nota: inclusión del archivo:    C:\Program Files (x86)\Windows Kits\10\Include\10.0.18362.0\um\profileapi.h
  Nota: inclusión del archivo:    C:\Program Files (x86)\Windows Kits\10\Include\10.0.18362.0\um\heapapi.h
  Nota: inclusión del archivo:    C:\Program Files (x86)\Windows Kits\10\Include\10.0.18362.0\um\ioapiset.h
  Nota: inclusión del archivo:    C:\Program Files (x86)\Windows Kits\10\Include\10.0.18362.0\um\synchapi.h
  Nota: inclusión del archivo:    C:\Program Files (x86)\Windows Kits\10\Include\10.0.18362.0\um\interlockedapi.h
  Nota: inclusión del archivo:    C:\Program Files (x86)\Windows Kits\10\Include\10.0.18362.0\um\processthreadsapi.h
  Nota: inclusión del archivo:    C:\Program Files (x86)\Windows Kits\10\Include\10.0.18362.0\um\sysinfoapi.h
  Nota: inclusión del archivo:    C:\Program Files (x86)\Windows Kits\10\Include\10.0.18362.0\um\memoryapi.h
  Nota: inclusión del archivo:    C:\Program Files (x86)\Windows Kits\10\Include\10.0.18362.0\um\enclaveapi.h
  Nota: inclusión del archivo:    C:\Program Files (x86)\Windows Kits\10\Include\10.0.18362.0\um\threadpoollegacyapiset.h
  Nota: inclusión del archivo:    C:\Program Files (x86)\Windows Kits\10\Include\10.0.18362.0\um\threadpoolapiset.h
  Nota: inclusión del archivo:    C:\Program Files (x86)\Windows Kits\10\Include\10.0.18362.0\um\jobapi.h
  Nota: inclusión del archivo:    C:\Program Files (x86)\Windows Kits\10\Include\10.0.18362.0\um\jobapi2.h
  Nota: inclusión del archivo:    C:\Program Files (x86)\Windows Kits\10\Include\10.0.18362.0\um\wow64apiset.h
  Nota: inclusión del archivo:    C:\Program Files (x86)\Windows Kits\10\Include\10.0.18362.0\um\libloaderapi.h
  Nota: inclusión del archivo:    C:\Program Files (x86)\Windows Kits\10\Include\10.0.18362.0\um\securitybaseapi.h
  Nota: inclusión del archivo:    C:\Program Files (x86)\Windows Kits\10\Include\10.0.18362.0\um\namespaceapi.h
  Nota: inclusión del archivo:    C:\Program Files (x86)\Windows Kits\10\Include\10.0.18362.0\um\systemtopologyapi.h
  Nota: inclusión del archivo:    C:\Program Files (x86)\Windows Kits\10\Include\10.0.18362.0\um\processtopologyapi.h
  Nota: inclusión del archivo:    C:\Program Files (x86)\Windows Kits\10\Include\10.0.18362.0\um\securityappcontainer.h
  Nota: inclusión del archivo:    C:\Program Files (x86)\Windows Kits\10\Include\10.0.18362.0\um\realtimeapiset.h
  Nota: inclusión del archivo:    C:\Program Files (x86)\Windows Kits\10\Include\10.0.18362.0\shared\winerror.h
  Nota: inclusión del archivo:    C:\Program Files (x86)\Windows Kits\10\Include\10.0.18362.0\um\timezoneapi.h
  Nota: inclusión del archivo:   C:\Program Files (x86)\Windows Kits\10\Include\10.0.18362.0\um\wingdi.h
  Nota: inclusión del archivo:    C:\Program Files (x86)\Windows Kits\10\Include\10.0.18362.0\shared\pshpack1.h
  Nota: inclusión del archivo:    C:\Program Files (x86)\Windows Kits\10\Include\10.0.18362.0\shared\poppack.h
  Nota: inclusión del archivo:    C:\Program Files (x86)\Windows Kits\10\Include\10.0.18362.0\shared\pshpack2.h
  Nota: inclusión del archivo:    C:\Program Files (x86)\Windows Kits\10\Include\10.0.18362.0\shared\poppack.h
  Nota: inclusión del archivo:    C:\Program Files (x86)\Windows Kits\10\Include\10.0.18362.0\shared\pshpack2.h
  Nota: inclusión del archivo:    C:\Program Files (x86)\Windows Kits\10\Include\10.0.18362.0\shared\poppack.h
  Nota: inclusión del archivo:    C:\Program Files (x86)\Windows Kits\10\Include\10.0.18362.0\shared\pshpack4.h
  Nota: inclusión del archivo:    C:\Program Files (x86)\Windows Kits\10\Include\10.0.18362.0\shared\poppack.h
  Nota: inclusión del archivo:    C:\Program Files (x86)\Windows Kits\10\Include\10.0.18362.0\shared\pshpack4.h
  Nota: inclusión del archivo:    C:\Program Files (x86)\Windows Kits\10\Include\10.0.18362.0\shared\poppack.h
  Nota: inclusión del archivo:   C:\Program Files (x86)\Windows Kits\10\Include\10.0.18362.0\um\winuser.h
  Nota: inclusión del archivo:    C:\Program Files (x86)\Windows Kits\10\Include\10.0.18362.0\shared\pshpack2.h
  Nota: inclusión del archivo:    C:\Program Files (x86)\Windows Kits\10\Include\10.0.18362.0\shared\poppack.h
  Nota: inclusión del archivo:    C:\Program Files (x86)\Windows Kits\10\Include\10.0.18362.0\shared\tvout.h
  Nota: inclusión del archivo:   C:\Program Files (x86)\Windows Kits\10\Include\10.0.18362.0\um\winnls.h
  Nota: inclusión del archivo:    C:\Program Files (x86)\Windows Kits\10\Include\10.0.18362.0\um\datetimeapi.h
  Nota: inclusión del archivo:    C:\Program Files (x86)\Windows Kits\10\Include\10.0.18362.0\um\stringapiset.h
  Nota: inclusión del archivo:     C:\Program Files (x86)\Windows Kits\10\Include\10.0.18362.0\um\winnls.h
  Nota: inclusión del archivo:   C:\Program Files (x86)\Windows Kits\10\Include\10.0.18362.0\um\wincon.h
  Nota: inclusión del archivo:    C:\Program Files (x86)\Windows Kits\10\Include\10.0.18362.0\um\wincontypes.h
  Nota: inclusión del archivo:    C:\Program Files (x86)\Windows Kits\10\Include\10.0.18362.0\um\consoleapi.h
  Nota: inclusión del archivo:    C:\Program Files (x86)\Windows Kits\10\Include\10.0.18362.0\um\consoleapi2.h
  Nota: inclusión del archivo:    C:\Program Files (x86)\Windows Kits\10\Include\10.0.18362.0\um\consoleapi3.h
  Nota: inclusión del archivo:   C:\Program Files (x86)\Windows Kits\10\Include\10.0.18362.0\um\winver.h
  Nota: inclusión del archivo:    C:\Program Files (x86)\Windows Kits\10\Include\10.0.18362.0\um\verrsrc.h
  Nota: inclusión del archivo:   C:\Program Files (x86)\Windows Kits\10\Include\10.0.18362.0\um\winreg.h
  Nota: inclusión del archivo:    C:\Program Files (x86)\Windows Kits\10\Include\10.0.18362.0\um\reason.h
  Nota: inclusión del archivo:   C:\Program Files (x86)\Windows Kits\10\Include\10.0.18362.0\um\winnetwk.h
  Nota: inclusión del archivo:    C:\Program Files (x86)\Windows Kits\10\Include\10.0.18362.0\shared\wnnc.h
  Nota: inclusión del archivo:   C:\Program Files (x86)\Windows Kits\10\Include\10.0.18362.0\shared\stralign.h
  Nota: inclusión del archivo:   C:\Program Files (x86)\Windows Kits\10\Include\10.0.18362.0\um\winsvc.h
  Nota: inclusión del archivo:   C:\Program Files (x86)\Windows Kits\10\Include\10.0.18362.0\um\mcx.h
  Nota: inclusión del archivo:   C:\Program Files (x86)\Windows Kits\10\Include\10.0.18362.0\um\imm.h
  Nota: inclusión del archivo:    C:\Program Files (x86)\Windows Kits\10\Include\10.0.18362.0\um\ime_cmodes.h
  Nota: inclusión del archivo:  C:\Program Files (x86)\Windows Kits\10\Include\10.0.18362.0\um\GL/gl.h
  Nota: inclusión del archivo:  C:\Program Files (x86)\Windows Kits\10\Include\10.0.18362.0\um\GL/glu.h
  Nota: inclusión del archivo: C:\Users\casti\Desktop\Universidad Politecnica de Madrid\Tercero\Informatica Industrial\Trabajo_Informatica-main\Tanques\src\Disparo.h
  Nota: inclusión del archivo:  C:\Users\casti\Desktop\Universidad Politecnica de Madrid\Tercero\Informatica Industrial\Trabajo_Informatica-main\Tanques\src\ColorRGB.h
  Nota: inclusión del archivo: C:\Users\casti\Desktop\Universidad Politecnica de Madrid\Tercero\Informatica Industrial\Trabajo_Informatica-main\Tanques\src\tank.h
C:\Users\casti\Desktop\Universidad Politecnica de Madrid\Tercero\Informatica Industrial\Trabajo_Informatica-main\Tanques\src\Enemigo.cpp(60,67): warning C4244: 'argumento': conversión de 'double' a 'GLfloat'; posible pérdida de datos
C:\Users\casti\Desktop\Universidad Politecnica de Madrid\Tercero\Informatica Industrial\Trabajo_Informatica-main\Tanques\src\Enemigo.cpp(60,27): warning C4244: 'argumento': conversión de 'double' a 'GLfloat'; posible pérdida de datos
C:\Users\casti\Desktop\Universidad Politecnica de Madrid\Tercero\Informatica Industrial\Trabajo_Informatica-main\Tanques\src\Enemigo.cpp(68,28): warning C4244: 'argumento': conversión de 'double' a 'GLfloat'; posible pérdida de datos
C:\Users\casti\Desktop\Universidad Politecnica de Madrid\Tercero\Informatica Industrial\Trabajo_Informatica-main\Tanques\src\Enemigo.cpp(75,28): warning C4244: 'argumento': conversión de 'double' a 'GLfloat'; posible pérdida de datos
  Pang.vcxproj -> C:\Users\casti\Desktop\Universidad Politecnica de Madrid\Tercero\Informatica Industrial\Trabajo_Informatica-main\Tanques\bin\juegaso.exe
